2024-08-28T16:30:57.738+05:30  INFO 20956 --- [fms] [main] c.pjsoft.fms.service.FlightServiceTest   : Starting FlightServiceTest using Java 17.0.11 with PID 20956 (started by anuverma in C:\workspace\own workspace\fms\fms)
2024-08-28T16:30:57.747+05:30 DEBUG 20956 --- [fms] [main] c.pjsoft.fms.service.FlightServiceTest   : Running with Spring Boot v3.3.2, Spring v6.1.11
2024-08-28T16:30:57.748+05:30  INFO 20956 --- [fms] [main] c.pjsoft.fms.service.FlightServiceTest   : No active profile set, falling back to 1 default profile: "default"
2024-08-28T16:30:59.052+05:30  INFO 20956 --- [fms] [main] .s.d.r.c.RepositoryConfigurationDelegate : Bootstrapping Spring Data JPA repositories in DEFAULT mode.
2024-08-28T16:30:59.140+05:30  INFO 20956 --- [fms] [main] .s.d.r.c.RepositoryConfigurationDelegate : Finished Spring Data repository scanning in 75 ms. Found 6 JPA repository interfaces.
2024-08-28T16:30:59.955+05:30  INFO 20956 --- [fms] [main] o.hibernate.jpa.internal.util.LogHelper  : HHH000204: Processing PersistenceUnitInfo [name: default]
2024-08-28T16:31:00.064+05:30  INFO 20956 --- [fms] [main] org.hibernate.Version                    : HHH000412: Hibernate ORM core version 6.5.2.Final
2024-08-28T16:31:00.133+05:30  INFO 20956 --- [fms] [main] o.h.c.internal.RegionFactoryInitiator    : HHH000026: Second-level cache disabled
2024-08-28T16:31:00.726+05:30  INFO 20956 --- [fms] [main] o.s.o.j.p.SpringPersistenceUnitInfo      : No LoadTimeWeaver setup: ignoring JPA class transformer
2024-08-28T16:31:00.773+05:30  INFO 20956 --- [fms] [main] com.zaxxer.hikari.HikariDataSource       : HikariPool-1 - Starting...
2024-08-28T16:31:01.250+05:30  INFO 20956 --- [fms] [main] com.zaxxer.hikari.pool.HikariPool        : HikariPool-1 - Added connection org.postgresql.jdbc.PgConnection@42f9873e
2024-08-28T16:31:01.252+05:30  INFO 20956 --- [fms] [main] com.zaxxer.hikari.HikariDataSource       : HikariPool-1 - Start completed.
2024-08-28T16:31:01.351+05:30  WARN 20956 --- [fms] [main] org.hibernate.orm.deprecation            : HHH90000025: PostgresPlusDialect does not need to be specified explicitly using 'hibernate.dialect' (remove the property setting and it will be selected by default)
2024-08-28T16:31:02.601+05:30  INFO 20956 --- [fms] [main] o.h.e.t.j.p.i.JtaPlatformInitiator       : HHH000489: No JTA platform available (set 'hibernate.transaction.jta.platform' to enable JTA platform integration)
2024-08-28T16:31:02.791+05:30  INFO 20956 --- [fms] [main] j.LocalContainerEntityManagerFactoryBean : Initialized JPA EntityManagerFactory for persistence unit 'default'
2024-08-28T16:31:03.260+05:30  INFO 20956 --- [fms] [main] o.s.d.j.r.query.QueryEnhancerFactory     : Hibernate is in classpath; If applicable, HQL parser will be used.
2024-08-28T16:31:03.926+05:30  WARN 20956 --- [fms] [main] JpaBaseConfiguration$JpaWebConfiguration : spring.jpa.open-in-view is enabled by default. Therefore, database queries may be performed during view rendering. Explicitly configure spring.jpa.open-in-view to disable this warning
2024-08-28T16:31:05.126+05:30  INFO 20956 --- [fms] [main] c.pjsoft.fms.service.FlightServiceTest   : Started FlightServiceTest in 7.772 seconds (process running for 9.358)
2024-08-28T16:31:05.490+05:30 DEBUG 20956 --- [fms] [main] com.pjsoft.fms.service.FlightService     : Please wait, Searching the flight of given Id!
2024-08-28T16:31:05.527+05:30  INFO 20956 --- [fms] [SpringApplicationShutdownHook] j.LocalContainerEntityManagerFactoryBean : Closing JPA EntityManagerFactory for persistence unit 'default'
2024-08-28T16:31:05.530+05:30  INFO 20956 --- [fms] [SpringApplicationShutdownHook] com.zaxxer.hikari.HikariDataSource       : HikariPool-1 - Shutdown initiated...
2024-08-28T16:31:05.534+05:30  INFO 20956 --- [fms] [SpringApplicationShutdownHook] com.zaxxer.hikari.HikariDataSource       : HikariPool-1 - Shutdown completed.
2024-08-28T16:31:57.551+05:30  INFO 13008 --- [fms] [main] c.pjsoft.fms.service.FlightServiceTest   : Starting FlightServiceTest using Java 17.0.11 with PID 13008 (started by anuverma in C:\workspace\own workspace\fms\fms)
2024-08-28T16:31:57.553+05:30 DEBUG 13008 --- [fms] [main] c.pjsoft.fms.service.FlightServiceTest   : Running with Spring Boot v3.3.2, Spring v6.1.11
2024-08-28T16:31:57.554+05:30  INFO 13008 --- [fms] [main] c.pjsoft.fms.service.FlightServiceTest   : No active profile set, falling back to 1 default profile: "default"
2024-08-28T16:31:58.680+05:30  INFO 13008 --- [fms] [main] .s.d.r.c.RepositoryConfigurationDelegate : Bootstrapping Spring Data JPA repositories in DEFAULT mode.
2024-08-28T16:31:58.796+05:30  INFO 13008 --- [fms] [main] .s.d.r.c.RepositoryConfigurationDelegate : Finished Spring Data repository scanning in 104 ms. Found 6 JPA repository interfaces.
2024-08-28T16:31:59.643+05:30  INFO 13008 --- [fms] [main] o.hibernate.jpa.internal.util.LogHelper  : HHH000204: Processing PersistenceUnitInfo [name: default]
2024-08-28T16:31:59.735+05:30  INFO 13008 --- [fms] [main] org.hibernate.Version                    : HHH000412: Hibernate ORM core version 6.5.2.Final
2024-08-28T16:31:59.792+05:30  INFO 13008 --- [fms] [main] o.h.c.internal.RegionFactoryInitiator    : HHH000026: Second-level cache disabled
2024-08-28T16:32:00.351+05:30  INFO 13008 --- [fms] [main] o.s.o.j.p.SpringPersistenceUnitInfo      : No LoadTimeWeaver setup: ignoring JPA class transformer
2024-08-28T16:32:00.388+05:30  INFO 13008 --- [fms] [main] com.zaxxer.hikari.HikariDataSource       : HikariPool-1 - Starting...
2024-08-28T16:32:00.698+05:30  INFO 13008 --- [fms] [main] com.zaxxer.hikari.pool.HikariPool        : HikariPool-1 - Added connection org.postgresql.jdbc.PgConnection@336e3be2
2024-08-28T16:32:00.700+05:30  INFO 13008 --- [fms] [main] com.zaxxer.hikari.HikariDataSource       : HikariPool-1 - Start completed.
2024-08-28T16:32:00.741+05:30  WARN 13008 --- [fms] [main] org.hibernate.orm.deprecation            : HHH90000025: PostgresPlusDialect does not need to be specified explicitly using 'hibernate.dialect' (remove the property setting and it will be selected by default)
2024-08-28T16:32:02.005+05:30  INFO 13008 --- [fms] [main] o.h.e.t.j.p.i.JtaPlatformInitiator       : HHH000489: No JTA platform available (set 'hibernate.transaction.jta.platform' to enable JTA platform integration)
2024-08-28T16:32:02.133+05:30  INFO 13008 --- [fms] [main] j.LocalContainerEntityManagerFactoryBean : Initialized JPA EntityManagerFactory for persistence unit 'default'
2024-08-28T16:32:02.604+05:30  INFO 13008 --- [fms] [main] o.s.d.j.r.query.QueryEnhancerFactory     : Hibernate is in classpath; If applicable, HQL parser will be used.
2024-08-28T16:32:03.250+05:30  WARN 13008 --- [fms] [main] JpaBaseConfiguration$JpaWebConfiguration : spring.jpa.open-in-view is enabled by default. Therefore, database queries may be performed during view rendering. Explicitly configure spring.jpa.open-in-view to disable this warning
2024-08-28T16:32:04.489+05:30  INFO 13008 --- [fms] [main] c.pjsoft.fms.service.FlightServiceTest   : Started FlightServiceTest in 7.368 seconds (process running for 8.578)
2024-08-28T16:32:04.937+05:30 DEBUG 13008 --- [fms] [main] com.pjsoft.fms.service.FlightService     : Please wait, Searching the flight of given Id!
2024-08-28T16:32:04.975+05:30  INFO 13008 --- [fms] [SpringApplicationShutdownHook] j.LocalContainerEntityManagerFactoryBean : Closing JPA EntityManagerFactory for persistence unit 'default'
2024-08-28T16:32:04.978+05:30  INFO 13008 --- [fms] [SpringApplicationShutdownHook] com.zaxxer.hikari.HikariDataSource       : HikariPool-1 - Shutdown initiated...
2024-08-28T16:32:04.982+05:30  INFO 13008 --- [fms] [SpringApplicationShutdownHook] com.zaxxer.hikari.HikariDataSource       : HikariPool-1 - Shutdown completed.
